<?xml version="1.0" encoding="UTF-8"?>
<testsuite xmlns:xsi="http://www.w3.org/2001/XMLSchema-instance" xsi:noNamespaceSchemaLocation="https://maven.apache.org/surefire/maven-surefire-plugin/xsd/surefire-test-report-3.0.xsd" version="3.0" name="com.pos.ventas.VentasHandlerTest" time="3.122" tests="4" errors="0" skipped="0" failures="0">
  <properties>
[...]
</properties>
  <testcase name="testPostVenta_nullBody_returns400" classname="com.pos.ventas.VentasHandlerTest" time="2.397">
    <system-err><![CDATA[WARNING: A Java agent has been loaded dynamically (C:\Users\yorda\.m2\repository\net\bytebuddy\byte-buddy-agent\1.14.15\byte-buddy-agent-1.14.15.jar)
WARNING: If a serviceability tool is in use, please run with -XX:+EnableDynamicAgentLoading to hide this warning
WARNING: If a serviceability tool is not in use, please run with -Djdk.instrument.traceUsage for more information
WARNING: Dynamic loading of agents will be disallowed by default in a future release
]]></system-err>
  </testcase>
  <testcase name="testPostVenta_validBody_returns201WithSaleId" classname="com.pos.ventas.VentasHandlerTest" time="0.638"/>
  <testcase name="testPostVenta_missingTotal_returns400" classname="com.pos.ventas.VentasHandlerTest" time="0.009"/>
  <testcase name="testPostVenta_emptyItems_returns400" classname="com.pos.ventas.VentasHandlerTest" time="0.01"/>
</testsuite>